0 verbose cli /data/data/com.termux/files/usr/bin/node /data/data/com.termux/files/usr/bin/npm
1 info using npm@11.4.2
2 info using node@v24.4.0
3 silly config load:file:/data/data/com.termux/files/usr/lib/node_modules/npm/npmrc
4 silly config load:file:/data/data/com.termux/files/home/.npmrc
5 silly config load:file:/data/data/com.termux/files/usr/etc/npmrc
6 verbose title npm init
7 verbose argv "init"
8 verbose logfile logs-max:10 dir:/data/data/com.termux/files/home/.npm/_logs/2025-07-11T20_01_37_449Z-
9 verbose logfile /data/data/com.termux/files/home/.npm/_logs/2025-07-11T20_01_37_449Z-debug-0.log
10 silly logfile start cleaning logs, removing 1 files
11 silly logfile done cleaning log files
12 silly package data {
12 silly package data   name: 'project03',
12 silly package data   version: '1.0.0',
12 silly package data   description: '',
12 silly package data   main: 'index.js',
12 silly package data   scripts: { test: 'echo "Error: no test specified" && exit 1' },
12 silly package data   author: 'Syed Aasim',
12 silly package data   license: 'ISC',
12 silly package data   type: 'module'
12 silly package data }
13 verbose cwd /data/data/com.termux/files/home
14 verbose os Linux 4.19.157-perf+
15 verbose node v24.4.0
16 verbose npm  v11.4.2
17 verbose exit 0
18 info ok
