0 verbose cli /data/data/com.termux/files/usr/bin/node /data/data/com.termux/files/usr/bin/npm
1 info using npm@11.4.2
2 info using node@v24.4.0
3 silly config load:file:/data/data/com.termux/files/usr/lib/node_modules/npm/npmrc
4 silly config load:file:/data/data/com.termux/files/home/.npmrc
5 silly config load:file:/data/data/com.termux/files/usr/etc/npmrc
6 verbose title npm i
7 verbose argv "i"
8 verbose logfile logs-max:10 dir:/data/data/com.termux/files/home/.npm/_logs/2025-07-11T19_18_50_889Z-
9 verbose logfile /data/data/com.termux/files/home/.npm/_logs/2025-07-11T19_18_50_889Z-debug-0.log
10 silly logfile done cleaning log files
11 silly packumentCache heap:799277056 maxSize:199819264 maxEntrySize:99909632
12 silly idealTree buildDeps
13 silly reify moves {}
14 silly audit bulk request { git: [ '0.1.5' ], mime: [ '1.2.9' ] }
15 http fetch POST 200 https://registry.npmjs.org/-/npm/v1/security/advisories/bulk 890ms
16 silly audit report {
16 silly audit report   git: [
16 silly audit report     {
16 silly audit report       id: 1088754,
16 silly audit report       url: 'https://github.com/advisories/GHSA-9gqr-xp86-f87h',
16 silly audit report       title: 'Code injection in npm git',
16 silly audit report       severity: 'moderate',
16 silly audit report       vulnerable_versions: '<=0.1.5',
16 silly audit report       cwe: [Array],
16 silly audit report       cvss: [Object]
16 silly audit report     }
16 silly audit report   ],
16 silly audit report   mime: [
16 silly audit report     {
16 silly audit report       id: 1093780,
16 silly audit report       url: 'https://github.com/advisories/GHSA-wrvr-8mpx-r7pp',
16 silly audit report       title: 'mime Regular Expression Denial of Service when MIME lookup performed on untrusted user input',
16 silly audit report       severity: 'high',
16 silly audit report       vulnerable_versions: '<1.4.1',
16 silly audit report       cwe: [Array],
16 silly audit report       cvss: [Object]
16 silly audit report     }
16 silly audit report   ]
16 silly audit report }
17 silly packumentCache corgi:https://registry.npmjs.org/git cache-miss
18 silly packumentCache corgi:https://registry.npmjs.org/mime cache-miss
19 http fetch GET 200 https://registry.npmjs.org/mime 191ms (cache miss)
20 silly packumentCache corgi:https://registry.npmjs.org/mime set size:undefined disposed:false
21 http fetch GET 200 https://registry.npmjs.org/git 1219ms (cache miss)
22 silly packumentCache corgi:https://registry.npmjs.org/git set size:undefined disposed:false
23 verbose cwd /data/data/com.termux/files/home
24 verbose os Linux 4.19.157-perf+
25 verbose node v24.4.0
26 verbose npm  v11.4.2
27 verbose exit 0
28 info ok
