0 verbose cli /data/data/com.termux/files/usr/bin/node /data/data/com.termux/files/usr/bin/npm
1 info using npm@11.4.2
2 info using node@v24.4.0
3 silly config load:file:/data/data/com.termux/files/usr/lib/node_modules/npm/npmrc
4 silly config load:file:/data/data/com.termux/files/home/.npmrc
5 silly config load:file:/data/data/com.termux/files/usr/etc/npmrc
6 verbose title npm i git
7 verbose argv "i" "git"
8 verbose logfile logs-max:10 dir:/data/data/com.termux/files/home/.npm/_logs/2025-07-11T19_13_43_505Z-
9 verbose logfile /data/data/com.termux/files/home/.npm/_logs/2025-07-11T19_13_43_505Z-debug-0.log
10 silly logfile done cleaning log files
11 silly packumentCache heap:799277056 maxSize:199819264 maxEntrySize:99909632
12 silly idealTree buildDeps
13 silly fetch manifest git@*
14 silly packumentCache full:https://registry.npmjs.org/git cache-miss
15 http fetch GET 200 https://registry.npmjs.org/git 1775ms (cache miss)
16 silly packumentCache full:https://registry.npmjs.org/git set size:undefined disposed:false
17 silly placeDep ROOT git@0.1.5 OK for:  want: *
18 silly fetch manifest mime@1.2.9
19 silly packumentCache full:https://registry.npmjs.org/mime cache-miss
20 http fetch GET 200 https://registry.npmjs.org/mime 142ms (cache miss)
21 silly packumentCache full:https://registry.npmjs.org/mime set size:undefined disposed:false
22 silly placeDep ROOT mime@1.2.9 OK for: git@0.1.5 want: 1.2.9
23 silly reify moves {}
24 http cache mime@https://registry.npmjs.org/mime/-/mime-1.2.9.tgz 0ms (cache hit)
25 http cache git@https://registry.npmjs.org/git/-/git-0.1.5.tgz 0ms (cache hit)
26 silly tarball no local data for mime@https://registry.npmjs.org/mime/-/mime-1.2.9.tgz. Extracting by manifest.
27 silly tarball no local data for git@https://registry.npmjs.org/git/-/git-0.1.5.tgz. Extracting by manifest.
28 http fetch GET 200 https://registry.npmjs.org/mime/-/mime-1.2.9.tgz 203ms (cache miss)
29 http fetch GET 200 https://registry.npmjs.org/git/-/git-0.1.5.tgz 397ms (cache miss)
30 silly ADD node_modules/mime
31 silly ADD node_modules/git
32 verbose cwd /data/data/com.termux/files/home
33 verbose os Linux 4.19.157-perf+
34 verbose node v24.4.0
35 verbose npm  v11.4.2
36 verbose exit 0
37 info ok
