0 verbose cli /data/data/com.termux/files/usr/bin/node /data/data/com.termux/files/usr/bin/npm
1 info using npm@11.4.2
2 info using node@v24.4.0
3 silly config load:file:/data/data/com.termux/files/usr/lib/node_modules/npm/npmrc
4 silly config load:file:/data/data/com.termux/files/home/.npmrc
5 silly config load:file:/data/data/com.termux/files/usr/etc/npmrc
6 verbose title npm i cors express
7 verbose argv "i" "cors" "express"
8 verbose logfile logs-max:10 dir:/data/data/com.termux/files/home/.npm/_logs/2025-07-11T20_06_17_400Z-
9 verbose logfile /data/data/com.termux/files/home/.npm/_logs/2025-07-11T20_06_17_400Z-debug-0.log
10 silly logfile start cleaning logs, removing 1 files
11 silly packumentCache heap:799277056 maxSize:199819264 maxEntrySize:99909632
12 silly logfile done cleaning log files
13 silly idealTree buildDeps
14 silly fetch manifest cors@*
15 silly packumentCache full:https://registry.npmjs.org/cors cache-miss
16 http fetch GET 200 https://registry.npmjs.org/cors 633ms (cache miss)
17 silly packumentCache full:https://registry.npmjs.org/cors set size:undefined disposed:false
18 silly fetch manifest express@*
19 silly packumentCache full:https://registry.npmjs.org/express cache-miss
20 http fetch GET 200 https://registry.npmjs.org/express 166ms (cache revalidated)
21 silly packumentCache full:https://registry.npmjs.org/express set size:787101 disposed:false
22 silly placeDep ROOT cors@2.8.5 OK for: project03@1.0.0 want: *
23 silly placeDep ROOT express@5.1.0 OK for: project03@1.0.0 want: *
24 silly fetch manifest vary@^1
25 silly packumentCache full:https://registry.npmjs.org/vary cache-miss
26 silly fetch manifest object-assign@^4
27 silly packumentCache full:https://registry.npmjs.org/object-assign cache-miss
28 silly fetch manifest qs@^6.14.0
29 silly packumentCache full:https://registry.npmjs.org/qs cache-miss
30 silly fetch manifest etag@^1.8.1
31 silly packumentCache full:https://registry.npmjs.org/etag cache-miss
32 silly fetch manifest once@^1.4.0
33 silly packumentCache full:https://registry.npmjs.org/once cache-miss
34 silly fetch manifest send@^1.1.0
35 silly packumentCache full:https://registry.npmjs.org/send cache-miss
36 silly fetch manifest vary@^1.1.2
37 silly packumentCache full:https://registry.npmjs.org/vary cache-miss
38 http fetch GET 200 https://registry.npmjs.org/object-assign 137ms (cache miss)
39 silly packumentCache full:https://registry.npmjs.org/object-assign set size:undefined disposed:false
40 silly fetch manifest debug@^4.4.0
41 silly packumentCache full:https://registry.npmjs.org/debug cache-miss
42 http fetch GET 200 https://registry.npmjs.org/debug 158ms (cache revalidated)
43 silly packumentCache full:https://registry.npmjs.org/debug set size:193521 disposed:false
44 silly fetch manifest fresh@^2.0.0
45 silly packumentCache full:https://registry.npmjs.org/fresh cache-miss
46 http fetch GET 200 https://registry.npmjs.org/vary 321ms (cache revalidated)
47 silly packumentCache full:https://registry.npmjs.org/vary set size:16018 disposed:false
48 silly fetch manifest cookie@^0.7.1
49 silly packumentCache full:https://registry.npmjs.org/cookie cache-miss
50 http fetch GET 200 https://registry.npmjs.org/send 332ms (cache revalidated)
51 silly packumentCache full:https://registry.npmjs.org/send set size:147586 disposed:false
52 silly fetch manifest router@^2.2.0
53 silly packumentCache full:https://registry.npmjs.org/router cache-miss
54 http fetch GET 200 https://registry.npmjs.org/vary 349ms (cache revalidated)
55 silly packumentCache full:https://registry.npmjs.org/vary set size:16018 disposed:false
56 silly packumentCache full:https://registry.npmjs.org/vary dispose
57 silly fetch manifest accepts@^2.0.0
58 silly packumentCache full:https://registry.npmjs.org/accepts cache-miss
59 http fetch GET 200 https://registry.npmjs.org/etag 371ms (cache revalidated)
60 silly packumentCache full:https://registry.npmjs.org/etag set size:30032 disposed:false
61 silly fetch manifest type-is@^2.0.1
62 silly packumentCache full:https://registry.npmjs.org/type-is cache-miss
63 http fetch GET 200 https://registry.npmjs.org/once 374ms (cache revalidated)
64 silly packumentCache full:https://registry.npmjs.org/once set size:11768 disposed:false
65 silly fetch manifest parseurl@^1.3.3
66 silly packumentCache full:https://registry.npmjs.org/parseurl cache-miss
67 http fetch GET 200 https://registry.npmjs.org/qs 381ms (cache revalidated)
68 silly packumentCache full:https://registry.npmjs.org/qs set size:264677 disposed:false
69 silly fetch manifest statuses@^2.0.1
70 silly packumentCache full:https://registry.npmjs.org/statuses cache-miss
71 http fetch GET 200 https://registry.npmjs.org/fresh 122ms (cache revalidated)
72 silly packumentCache full:https://registry.npmjs.org/fresh set size:25427 disposed:false
73 silly fetch manifest encodeurl@^2.0.0
74 silly packumentCache full:https://registry.npmjs.org/encodeurl cache-miss
75 http fetch GET 200 https://registry.npmjs.org/cookie 132ms (cache revalidated)
76 silly packumentCache full:https://registry.npmjs.org/cookie set size:67180 disposed:false
77 silly fetch manifest mime-types@^3.0.0
78 silly packumentCache full:https://registry.npmjs.org/mime-types cache-miss
79 http fetch GET 200 https://registry.npmjs.org/router 133ms (cache revalidated)
80 silly packumentCache full:https://registry.npmjs.org/router set size:116499 disposed:false
81 silly fetch manifest proxy-addr@^2.0.7
82 silly packumentCache full:https://registry.npmjs.org/proxy-addr cache-miss
83 http fetch GET 200 https://registry.npmjs.org/accepts 134ms (cache revalidated)
84 silly packumentCache full:https://registry.npmjs.org/accepts set size:77054 disposed:false
85 silly fetch manifest body-parser@^2.2.0
86 silly packumentCache full:https://registry.npmjs.org/body-parser cache-miss
87 http fetch GET 200 https://registry.npmjs.org/parseurl 138ms (cache revalidated)
88 silly packumentCache full:https://registry.npmjs.org/parseurl set size:24148 disposed:false
89 silly fetch manifest escape-html@^1.0.3
90 silly packumentCache full:https://registry.npmjs.org/escape-html cache-miss
91 http fetch GET 200 https://registry.npmjs.org/type-is 146ms (cache revalidated)
92 silly packumentCache full:https://registry.npmjs.org/type-is set size:86196 disposed:false
93 silly fetch manifest http-errors@^2.0.0
94 silly packumentCache full:https://registry.npmjs.org/http-errors cache-miss
95 http fetch GET 200 https://registry.npmjs.org/statuses 134ms (cache revalidated)
96 silly packumentCache full:https://registry.npmjs.org/statuses set size:37117 disposed:false
97 silly fetch manifest on-finished@^2.4.1
98 silly packumentCache full:https://registry.npmjs.org/on-finished cache-miss
99 http fetch GET 200 https://registry.npmjs.org/proxy-addr 121ms (cache revalidated)
100 silly packumentCache full:https://registry.npmjs.org/proxy-addr set size:61619 disposed:false
101 silly fetch manifest content-type@^1.0.5
102 silly packumentCache full:https://registry.npmjs.org/content-type cache-miss
103 http fetch GET 200 https://registry.npmjs.org/mime-types 147ms (cache revalidated)
104 silly packumentCache full:https://registry.npmjs.org/mime-types set size:136716 disposed:false
105 silly fetch manifest finalhandler@^2.1.0
106 silly packumentCache full:https://registry.npmjs.org/finalhandler cache-miss
107 http fetch GET 200 https://registry.npmjs.org/encodeurl 185ms (cache revalidated)
108 silly packumentCache full:https://registry.npmjs.org/encodeurl set size:12296 disposed:false
109 silly fetch manifest range-parser@^1.2.1
110 silly packumentCache full:https://registry.npmjs.org/range-parser cache-miss
111 http fetch GET 200 https://registry.npmjs.org/body-parser 158ms (cache revalidated)
112 silly packumentCache full:https://registry.npmjs.org/body-parser set size:209520 disposed:false
113 silly fetch manifest serve-static@^2.2.0
114 silly packumentCache full:https://registry.npmjs.org/serve-static cache-miss
115 http fetch GET 200 https://registry.npmjs.org/escape-html 147ms (cache revalidated)
116 silly packumentCache full:https://registry.npmjs.org/escape-html set size:7345 disposed:false
117 silly fetch manifest cookie-signature@^1.2.1
118 silly packumentCache full:https://registry.npmjs.org/cookie-signature cache-miss
119 http fetch GET 200 https://registry.npmjs.org/on-finished 141ms (cache revalidated)
120 silly packumentCache full:https://registry.npmjs.org/on-finished set size:23212 disposed:false
121 silly fetch manifest merge-descriptors@^2.0.0
122 silly packumentCache full:https://registry.npmjs.org/merge-descriptors cache-miss
123 http fetch GET 200 https://registry.npmjs.org/http-errors 150ms (cache revalidated)
124 silly packumentCache full:https://registry.npmjs.org/http-errors set size:69537 disposed:false
125 silly fetch manifest content-disposition@^1.0.0
126 silly packumentCache full:https://registry.npmjs.org/content-disposition cache-miss
127 http fetch GET 200 https://registry.npmjs.org/serve-static 143ms (cache revalidated)
128 silly packumentCache full:https://registry.npmjs.org/serve-static set size:145938 disposed:false
129 http fetch GET 200 https://registry.npmjs.org/range-parser 180ms (cache revalidated)
130 silly packumentCache full:https://registry.npmjs.org/range-parser set size:22228 disposed:false
131 http fetch GET 200 https://registry.npmjs.org/content-type 204ms (cache revalidated)
132 silly packumentCache full:https://registry.npmjs.org/content-type set size:17311 disposed:false
133 http fetch GET 200 https://registry.npmjs.org/finalhandler 192ms (cache revalidated)
134 silly packumentCache full:https://registry.npmjs.org/finalhandler set size:74406 disposed:false
135 http fetch GET 200 https://registry.npmjs.org/merge-descriptors 147ms (cache revalidated)
136 silly packumentCache full:https://registry.npmjs.org/merge-descriptors set size:16527 disposed:false
137 http fetch GET 200 https://registry.npmjs.org/content-disposition 144ms (cache revalidated)
138 silly packumentCache full:https://registry.npmjs.org/content-disposition set size:26893 disposed:false
139 http fetch GET 200 https://registry.npmjs.org/cookie-signature 160ms (cache revalidated)
140 silly packumentCache full:https://registry.npmjs.org/cookie-signature set size:21777 disposed:false
141 silly placeDep ROOT object-assign@4.1.1 OK for: cors@2.8.5 want: ^4
142 silly placeDep ROOT vary@1.1.2 OK for: cors@2.8.5 want: ^1
143 silly placeDep ROOT accepts@2.0.0 OK for: express@5.1.0 want: ^2.0.0
144 silly placeDep ROOT body-parser@2.2.0 OK for: express@5.1.0 want: ^2.2.0
145 silly placeDep ROOT content-disposition@1.0.0 OK for: express@5.1.0 want: ^1.0.0
146 silly placeDep ROOT content-type@1.0.5 OK for: express@5.1.0 want: ^1.0.5
147 silly placeDep ROOT cookie@0.7.2 OK for: express@5.1.0 want: ^0.7.1
148 silly placeDep ROOT cookie-signature@1.2.2 OK for: express@5.1.0 want: ^1.2.1
149 silly placeDep ROOT debug@4.4.1 OK for: express@5.1.0 want: ^4.4.0
150 silly placeDep ROOT encodeurl@2.0.0 OK for: express@5.1.0 want: ^2.0.0
151 silly placeDep ROOT escape-html@1.0.3 OK for: express@5.1.0 want: ^1.0.3
152 silly placeDep ROOT etag@1.8.1 OK for: express@5.1.0 want: ^1.8.1
153 silly placeDep ROOT finalhandler@2.1.0 OK for: express@5.1.0 want: ^2.1.0
154 silly placeDep ROOT fresh@2.0.0 OK for: express@5.1.0 want: ^2.0.0
155 silly placeDep ROOT http-errors@2.0.0 OK for: express@5.1.0 want: ^2.0.0
156 silly placeDep ROOT merge-descriptors@2.0.0 OK for: express@5.1.0 want: ^2.0.0
157 silly placeDep ROOT mime-types@3.0.1 OK for: express@5.1.0 want: ^3.0.0
158 silly placeDep ROOT on-finished@2.4.1 OK for: express@5.1.0 want: ^2.4.1
159 silly placeDep ROOT once@1.4.0 OK for: express@5.1.0 want: ^1.4.0
160 silly placeDep ROOT parseurl@1.3.3 OK for: express@5.1.0 want: ^1.3.3
161 silly placeDep ROOT proxy-addr@2.0.7 OK for: express@5.1.0 want: ^2.0.7
162 silly placeDep ROOT qs@6.14.0 OK for: express@5.1.0 want: ^6.14.0
163 silly placeDep ROOT range-parser@1.2.1 OK for: express@5.1.0 want: ^1.2.1
164 silly placeDep ROOT router@2.2.0 OK for: express@5.1.0 want: ^2.2.0
165 silly placeDep ROOT send@1.2.0 OK for: express@5.1.0 want: ^1.1.0
166 silly placeDep ROOT serve-static@2.2.0 OK for: express@5.1.0 want: ^2.2.0
167 silly placeDep ROOT statuses@2.0.2 OK for: express@5.1.0 want: ^2.0.1
168 silly placeDep ROOT type-is@2.0.1 OK for: express@5.1.0 want: ^2.0.1
169 silly fetch manifest negotiator@^1.0.0
170 silly packumentCache full:https://registry.npmjs.org/negotiator cache-miss
171 silly fetch manifest bytes@^3.1.2
172 silly packumentCache full:https://registry.npmjs.org/bytes cache-miss
173 silly fetch manifest iconv-lite@^0.6.3
174 silly packumentCache full:https://registry.npmjs.org/iconv-lite cache-miss
175 silly fetch manifest raw-body@^3.0.0
176 silly packumentCache full:https://registry.npmjs.org/raw-body cache-miss
177 silly fetch manifest type-is@^2.0.0
178 silly packumentCache full:https://registry.npmjs.org/type-is cache-hit
179 silly fetch manifest safe-buffer@5.2.1
180 silly packumentCache full:https://registry.npmjs.org/safe-buffer cache-miss
181 silly fetch manifest ms@^2.1.3
182 silly packumentCache full:https://registry.npmjs.org/ms cache-miss
183 silly fetch manifest depd@2.0.0
184 silly packumentCache full:https://registry.npmjs.org/depd cache-miss
185 http fetch GET 200 https://registry.npmjs.org/bytes 182ms (cache revalidated)
186 silly packumentCache full:https://registry.npmjs.org/bytes set size:37018 disposed:false
187 silly fetch manifest inherits@2.0.4
188 silly packumentCache full:https://registry.npmjs.org/inherits cache-miss
189 http fetch GET 200 https://registry.npmjs.org/safe-buffer 185ms (cache revalidated)
190 silly packumentCache full:https://registry.npmjs.org/safe-buffer set size:41183 disposed:false
191 silly fetch manifest statuses@2.0.1
192 silly packumentCache full:https://registry.npmjs.org/statuses cache-hit
193 silly fetch manifest toidentifier@1.0.1
194 silly packumentCache full:https://registry.npmjs.org/toidentifier cache-miss
195 http fetch GET 200 https://registry.npmjs.org/raw-body 194ms (cache revalidated)
196 silly packumentCache full:https://registry.npmjs.org/raw-body set size:108717 disposed:false
197 silly fetch manifest setprototypeof@1.2.0
198 silly packumentCache full:https://registry.npmjs.org/setprototypeof cache-miss
199 http fetch GET 200 https://registry.npmjs.org/ms 197ms (cache revalidated)
200 silly packumentCache full:https://registry.npmjs.org/ms set size:84883 disposed:false
201 silly fetch manifest mime-db@^1.54.0
202 silly packumentCache full:https://registry.npmjs.org/mime-db cache-miss
203 http fetch GET 200 https://registry.npmjs.org/depd 201ms (cache revalidated)
204 silly packumentCache full:https://registry.npmjs.org/depd set size:40182 disposed:false
205 silly fetch manifest ee-first@1.1.1
206 silly packumentCache full:https://registry.npmjs.org/ee-first cache-miss
207 http fetch GET 200 https://registry.npmjs.org/negotiator 216ms (cache revalidated)
208 silly packumentCache full:https://registry.npmjs.org/negotiator set size:48046 disposed:false
209 silly fetch manifest wrappy@1
210 silly packumentCache full:https://registry.npmjs.org/wrappy cache-miss
211 http fetch GET 200 https://registry.npmjs.org/iconv-lite 218ms (cache revalidated)
212 silly packumentCache full:https://registry.npmjs.org/iconv-lite set size:115994 disposed:false
213 silly fetch manifest forwarded@0.2.0
214 silly packumentCache full:https://registry.npmjs.org/forwarded cache-miss
215 http fetch GET 200 https://registry.npmjs.org/inherits 146ms (cache revalidated)
216 silly packumentCache full:https://registry.npmjs.org/inherits set size:12925 disposed:false
217 silly fetch manifest ipaddr.js@1.9.1
218 silly packumentCache full:https://registry.npmjs.org/ipaddr.js cache-miss
219 http fetch GET 200 https://registry.npmjs.org/toidentifier 145ms (cache revalidated)
220 silly packumentCache full:https://registry.npmjs.org/toidentifier set size:12006 disposed:false
221 silly fetch manifest side-channel@^1.1.0
222 silly packumentCache full:https://registry.npmjs.org/side-channel cache-miss
223 http fetch GET 200 https://registry.npmjs.org/setprototypeof 144ms (cache revalidated)
224 silly packumentCache full:https://registry.npmjs.org/setprototypeof set size:14532 disposed:false
225 silly fetch manifest depd@^2.0.0
226 silly packumentCache full:https://registry.npmjs.org/depd cache-hit
227 silly fetch manifest is-promise@^4.0.0
228 silly packumentCache full:https://registry.npmjs.org/is-promise cache-miss
229 http fetch GET 200 https://registry.npmjs.org/ee-first 139ms (cache revalidated)
230 silly packumentCache full:https://registry.npmjs.org/ee-first set size:15327 disposed:false
231 silly fetch manifest path-to-regexp@^8.0.0
232 silly packumentCache full:https://registry.npmjs.org/path-to-regexp cache-miss
233 http fetch GET 200 https://registry.npmjs.org/mime-db 151ms (cache revalidated)
234 silly packumentCache full:https://registry.npmjs.org/mime-db set size:164953 disposed:false
235 silly fetch manifest media-typer@^1.1.0
236 silly packumentCache full:https://registry.npmjs.org/media-typer cache-miss
237 http fetch GET 200 https://registry.npmjs.org/wrappy 169ms (cache revalidated)
238 silly packumentCache full:https://registry.npmjs.org/wrappy set size:7682 disposed:false
239 http fetch GET 200 https://registry.npmjs.org/forwarded 164ms (cache revalidated)
240 silly packumentCache full:https://registry.npmjs.org/forwarded set size:11229 disposed:false
241 http fetch GET 200 https://registry.npmjs.org/is-promise 145ms (cache revalidated)
242 silly packumentCache full:https://registry.npmjs.org/is-promise set size:18599 disposed:false
243 http fetch GET 200 https://registry.npmjs.org/side-channel 156ms (cache revalidated)
244 silly packumentCache full:https://registry.npmjs.org/side-channel set size:24660 disposed:false
245 http fetch GET 200 https://registry.npmjs.org/media-typer 134ms (cache revalidated)
246 silly packumentCache full:https://registry.npmjs.org/media-typer set size:20873 disposed:false
247 http fetch GET 200 https://registry.npmjs.org/ipaddr.js 169ms (cache revalidated)
248 silly packumentCache full:https://registry.npmjs.org/ipaddr.js set size:65942 disposed:false
249 http fetch GET 200 https://registry.npmjs.org/path-to-regexp 161ms (cache revalidated)
250 silly packumentCache full:https://registry.npmjs.org/path-to-regexp set size:196503 disposed:false
251 silly placeDep ROOT negotiator@1.0.0 OK for: accepts@2.0.0 want: ^1.0.0
252 silly placeDep ROOT bytes@3.1.2 OK for: body-parser@2.2.0 want: ^3.1.2
253 silly placeDep ROOT iconv-lite@0.6.3 OK for: body-parser@2.2.0 want: ^0.6.3
254 silly placeDep ROOT raw-body@3.0.0 OK for: body-parser@2.2.0 want: ^3.0.0
255 silly fetch manifest safer-buffer@>= 2.1.2 < 3.0.0
256 silly packumentCache full:https://registry.npmjs.org/safer-buffer cache-miss
257 silly fetch manifest unpipe@1.0.0
258 silly packumentCache full:https://registry.npmjs.org/unpipe cache-miss
259 http fetch GET 200 https://registry.npmjs.org/safer-buffer 126ms (cache revalidated)
260 silly packumentCache full:https://registry.npmjs.org/safer-buffer set size:18521 disposed:false
261 http fetch GET 200 https://registry.npmjs.org/unpipe 129ms (cache revalidated)
262 silly packumentCache full:https://registry.npmjs.org/unpipe set size:3537 disposed:false
263 silly placeDep ROOT safe-buffer@5.2.1 OK for: content-disposition@1.0.0 want: 5.2.1
264 silly placeDep ROOT ms@2.1.3 OK for: debug@4.4.1 want: ^2.1.3
265 silly placeDep ROOT depd@2.0.0 OK for: http-errors@2.0.0 want: 2.0.0
266 silly placeDep ROOT inherits@2.0.4 OK for: http-errors@2.0.0 want: 2.0.4
267 silly placeDep ROOT setprototypeof@1.2.0 OK for: http-errors@2.0.0 want: 1.2.0
268 silly placeDep node_modules/http-errors statuses@2.0.1 OK for: http-errors@2.0.0 want: 2.0.1
269 silly placeDep ROOT toidentifier@1.0.1 OK for: http-errors@2.0.0 want: 1.0.1
270 silly placeDep ROOT safer-buffer@2.1.2 OK for: iconv-lite@0.6.3 want: >= 2.1.2 < 3.0.0
271 silly placeDep ROOT mime-db@1.54.0 OK for: mime-types@3.0.1 want: ^1.54.0
272 silly placeDep ROOT ee-first@1.1.1 OK for: on-finished@2.4.1 want: 1.1.1
273 silly placeDep ROOT wrappy@1.0.2 OK for: once@1.4.0 want: 1
274 silly placeDep ROOT forwarded@0.2.0 OK for: proxy-addr@2.0.7 want: 0.2.0
275 silly placeDep ROOT ipaddr.js@1.9.1 OK for: proxy-addr@2.0.7 want: 1.9.1
276 silly placeDep ROOT side-channel@1.1.0 OK for: qs@6.14.0 want: ^1.1.0
277 silly fetch manifest es-errors@^1.3.0
278 silly packumentCache full:https://registry.npmjs.org/es-errors cache-miss
279 silly fetch manifest object-inspect@^1.13.3
280 silly packumentCache full:https://registry.npmjs.org/object-inspect cache-miss
281 silly fetch manifest side-channel-list@^1.0.0
282 silly packumentCache full:https://registry.npmjs.org/side-channel-list cache-miss
283 silly fetch manifest side-channel-map@^1.0.1
284 silly packumentCache full:https://registry.npmjs.org/side-channel-map cache-miss
285 silly fetch manifest side-channel-weakmap@^1.0.2
286 silly packumentCache full:https://registry.npmjs.org/side-channel-weakmap cache-miss
287 http fetch GET 200 https://registry.npmjs.org/side-channel-list 117ms (cache revalidated)
288 silly packumentCache full:https://registry.npmjs.org/side-channel-list set size:6005 disposed:false
289 http fetch GET 200 https://registry.npmjs.org/es-errors 122ms (cache revalidated)
290 silly packumentCache full:https://registry.npmjs.org/es-errors set size:16918 disposed:false
291 http fetch GET 200 https://registry.npmjs.org/object-inspect 126ms (cache revalidated)
292 silly packumentCache full:https://registry.npmjs.org/object-inspect set size:101912 disposed:false
293 http fetch GET 200 https://registry.npmjs.org/side-channel-map 134ms (cache revalidated)
294 silly packumentCache full:https://registry.npmjs.org/side-channel-map set size:9126 disposed:false
295 http fetch GET 200 https://registry.npmjs.org/side-channel-weakmap 148ms (cache revalidated)
296 silly packumentCache full:https://registry.npmjs.org/side-channel-weakmap set size:12620 disposed:false
297 silly placeDep ROOT unpipe@1.0.0 OK for: raw-body@3.0.0 want: 1.0.0
298 silly placeDep ROOT is-promise@4.0.0 OK for: router@2.2.0 want: ^4.0.0
299 silly placeDep ROOT path-to-regexp@8.2.0 OK for: router@2.2.0 want: ^8.0.0
300 silly placeDep ROOT es-errors@1.3.0 OK for: side-channel@1.1.0 want: ^1.3.0
301 silly placeDep ROOT object-inspect@1.13.4 OK for: side-channel@1.1.0 want: ^1.13.3
302 silly placeDep ROOT side-channel-list@1.0.0 OK for: side-channel@1.1.0 want: ^1.0.0
303 silly placeDep ROOT side-channel-map@1.0.1 OK for: side-channel@1.1.0 want: ^1.0.1
304 silly placeDep ROOT side-channel-weakmap@1.0.2 OK for: side-channel@1.1.0 want: ^1.0.2
305 silly fetch manifest call-bound@^1.0.2
306 silly packumentCache full:https://registry.npmjs.org/call-bound cache-miss
307 silly fetch manifest get-intrinsic@^1.2.5
308 silly packumentCache full:https://registry.npmjs.org/get-intrinsic cache-miss
309 silly fetch manifest call-bound@^1.0.2
310 silly packumentCache full:https://registry.npmjs.org/call-bound cache-miss
311 silly fetch manifest get-intrinsic@^1.2.5
312 silly packumentCache full:https://registry.npmjs.org/get-intrinsic cache-miss
313 http fetch GET 200 https://registry.npmjs.org/call-bound 134ms (cache revalidated)
314 silly packumentCache full:https://registry.npmjs.org/call-bound set size:15317 disposed:false
315 http fetch GET 200 https://registry.npmjs.org/call-bound 136ms (cache revalidated)
316 silly packumentCache full:https://registry.npmjs.org/call-bound set size:15317 disposed:false
317 silly packumentCache full:https://registry.npmjs.org/call-bound dispose
318 http fetch GET 200 https://registry.npmjs.org/get-intrinsic 139ms (cache revalidated)
319 silly packumentCache full:https://registry.npmjs.org/get-intrinsic set size:57687 disposed:false
320 http fetch GET 200 https://registry.npmjs.org/get-intrinsic 149ms (cache revalidated)
321 silly packumentCache full:https://registry.npmjs.org/get-intrinsic set size:57687 disposed:false
322 silly packumentCache full:https://registry.npmjs.org/get-intrinsic dispose
323 silly placeDep ROOT call-bound@1.0.4 OK for: side-channel-map@1.0.1 want: ^1.0.2
324 silly placeDep ROOT get-intrinsic@1.3.0 OK for: side-channel-map@1.0.1 want: ^1.2.5
325 silly fetch manifest call-bind-apply-helpers@^1.0.2
326 silly packumentCache full:https://registry.npmjs.org/call-bind-apply-helpers cache-miss
327 silly fetch manifest get-intrinsic@^1.3.0
328 silly packumentCache full:https://registry.npmjs.org/get-intrinsic cache-hit
329 silly fetch manifest call-bind-apply-helpers@^1.0.2
330 silly packumentCache full:https://registry.npmjs.org/call-bind-apply-helpers cache-miss
331 silly fetch manifest es-define-property@^1.0.1
332 silly packumentCache full:https://registry.npmjs.org/es-define-property cache-miss
333 silly fetch manifest es-object-atoms@^1.1.1
334 silly packumentCache full:https://registry.npmjs.org/es-object-atoms cache-miss
335 silly fetch manifest function-bind@^1.1.2
336 silly packumentCache full:https://registry.npmjs.org/function-bind cache-miss
337 silly fetch manifest get-proto@^1.0.1
338 silly packumentCache full:https://registry.npmjs.org/get-proto cache-miss
339 silly fetch manifest gopd@^1.2.0
340 silly packumentCache full:https://registry.npmjs.org/gopd cache-miss
341 http fetch GET 200 https://registry.npmjs.org/es-object-atoms 125ms (cache revalidated)
342 silly packumentCache full:https://registry.npmjs.org/es-object-atoms set size:15304 disposed:false
343 silly fetch manifest has-symbols@^1.1.0
344 silly packumentCache full:https://registry.npmjs.org/has-symbols cache-miss
345 http fetch GET 200 https://registry.npmjs.org/es-define-property 132ms (cache revalidated)
346 silly packumentCache full:https://registry.npmjs.org/es-define-property set size:8542 disposed:false
347 silly fetch manifest hasown@^2.0.2
348 silly packumentCache full:https://registry.npmjs.org/hasown cache-miss
349 http fetch GET 200 https://registry.npmjs.org/call-bind-apply-helpers 149ms (cache revalidated)
350 silly packumentCache full:https://registry.npmjs.org/call-bind-apply-helpers set size:12744 disposed:false
351 silly fetch manifest math-intrinsics@^1.1.0
352 silly packumentCache full:https://registry.npmjs.org/math-intrinsics cache-miss
353 http fetch GET 200 https://registry.npmjs.org/call-bind-apply-helpers 157ms (cache revalidated)
354 silly packumentCache full:https://registry.npmjs.org/call-bind-apply-helpers set size:12744 disposed:false
355 silly packumentCache full:https://registry.npmjs.org/call-bind-apply-helpers dispose
356 http fetch GET 200 https://registry.npmjs.org/function-bind 153ms (cache revalidated)
357 silly packumentCache full:https://registry.npmjs.org/function-bind set size:15733 disposed:false
358 http fetch GET 200 https://registry.npmjs.org/gopd 162ms (cache revalidated)
359 silly packumentCache full:https://registry.npmjs.org/gopd set size:11458 disposed:false
360 http fetch GET 200 https://registry.npmjs.org/get-proto 168ms (cache revalidated)
361 silly packumentCache full:https://registry.npmjs.org/get-proto set size:8300 disposed:false
362 http fetch GET 200 https://registry.npmjs.org/has-symbols 197ms (cache revalidated)
363 silly packumentCache full:https://registry.npmjs.org/has-symbols set size:21550 disposed:false
364 http fetch GET 200 https://registry.npmjs.org/hasown 195ms (cache revalidated)
365 silly packumentCache full:https://registry.npmjs.org/hasown set size:12476 disposed:false
366 http fetch GET 200 https://registry.npmjs.org/math-intrinsics 184ms (cache revalidated)
367 silly packumentCache full:https://registry.npmjs.org/math-intrinsics set size:9265 disposed:false
368 silly placeDep ROOT call-bind-apply-helpers@1.0.2 OK for: call-bound@1.0.4 want: ^1.0.2
369 silly placeDep ROOT function-bind@1.1.2 OK for: call-bind-apply-helpers@1.0.2 want: ^1.1.2
370 silly placeDep ROOT es-define-property@1.0.1 OK for: get-intrinsic@1.3.0 want: ^1.0.1
371 silly placeDep ROOT es-object-atoms@1.1.1 OK for: get-intrinsic@1.3.0 want: ^1.1.1
372 silly placeDep ROOT get-proto@1.0.1 OK for: get-intrinsic@1.3.0 want: ^1.0.1
373 silly placeDep ROOT gopd@1.2.0 OK for: get-intrinsic@1.3.0 want: ^1.2.0
374 silly placeDep ROOT has-symbols@1.1.0 OK for: get-intrinsic@1.3.0 want: ^1.1.0
375 silly placeDep ROOT hasown@2.0.2 OK for: get-intrinsic@1.3.0 want: ^2.0.2
376 silly placeDep ROOT math-intrinsics@1.1.0 OK for: get-intrinsic@1.3.0 want: ^1.1.0
377 silly fetch manifest dunder-proto@^1.0.1
378 silly packumentCache full:https://registry.npmjs.org/dunder-proto cache-miss
379 http fetch GET 200 https://registry.npmjs.org/dunder-proto 114ms (cache revalidated)
380 silly packumentCache full:https://registry.npmjs.org/dunder-proto set size:8256 disposed:false
381 silly placeDep ROOT dunder-proto@1.0.1 OK for: get-proto@1.0.1 want: ^1.0.1
382 silly placeDep ROOT media-typer@1.1.0 OK for: type-is@2.0.1 want: ^1.1.0
383 silly reify moves {}
384 silly audit bulk request {
384 silly audit   cors: [ '2.8.5' ],
384 silly audit   express: [ '5.1.0' ],
384 silly audit   'object-assign': [ '4.1.1' ],
384 silly audit   vary: [ '1.1.2' ],
384 silly audit   accepts: [ '2.0.0' ],
384 silly audit   'body-parser': [ '2.2.0' ],
384 silly audit   'content-disposition': [ '1.0.0' ],
384 silly audit   'content-type': [ '1.0.5' ],
384 silly audit   cookie: [ '0.7.2' ],
384 silly audit   'cookie-signature': [ '1.2.2' ],
384 silly audit   debug: [ '4.4.1' ],
384 silly audit   encodeurl: [ '2.0.0' ],
384 silly audit   'escape-html': [ '1.0.3' ],
384 silly audit   etag: [ '1.8.1' ],
384 silly audit   finalhandler: [ '2.1.0' ],
384 silly audit   fresh: [ '2.0.0' ],
384 silly audit   'http-errors': [ '2.0.0' ],
384 silly audit   'merge-descriptors': [ '2.0.0' ],
384 silly audit   'mime-types': [ '3.0.1' ],
384 silly audit   'on-finished': [ '2.4.1' ],
384 silly audit   once: [ '1.4.0' ],
384 silly audit   parseurl: [ '1.3.3' ],
384 silly audit   'proxy-addr': [ '2.0.7' ],
384 silly audit   qs: [ '6.14.0' ],
384 silly audit   'range-parser': [ '1.2.1' ],
384 silly audit   router: [ '2.2.0' ],
384 silly audit   send: [ '1.2.0' ],
384 silly audit   'serve-static': [ '2.2.0' ],
384 silly audit   statuses: [ '2.0.2', '2.0.1' ],
384 silly audit   'type-is': [ '2.0.1' ],
384 silly audit   negotiator: [ '1.0.0' ],
384 silly audit   bytes: [ '3.1.2' ],
384 silly audit   'iconv-lite': [ '0.6.3' ],
384 silly audit   'raw-body': [ '3.0.0' ],
384 silly audit   'safe-buffer': [ '5.2.1' ],
384 silly audit   ms: [ '2.1.3' ],
384 silly audit   depd: [ '2.0.0' ],
384 silly audit   inherits: [ '2.0.4' ],
384 silly audit   setprototypeof: [ '1.2.0' ],
384 silly audit   toidentifier: [ '1.0.1' ],
384 silly audit   'safer-buffer': [ '2.1.2' ],
384 silly audit   'mime-db': [ '1.54.0' ],
384 silly audit   'ee-first': [ '1.1.1' ],
384 silly audit   wrappy: [ '1.0.2' ],
384 silly audit   forwarded: [ '0.2.0' ],
384 silly audit   'ipaddr.js': [ '1.9.1' ],
384 silly audit   'side-channel': [ '1.1.0' ],
384 silly audit   unpipe: [ '1.0.0' ],
384 silly audit   'is-promise': [ '4.0.0' ],
384 silly audit   'path-to-regexp': [ '8.2.0' ],
384 silly audit   'es-errors': [ '1.3.0' ],
384 silly audit   'object-inspect': [ '1.13.4' ],
384 silly audit   'side-channel-list': [ '1.0.0' ],
384 silly audit   'side-channel-map': [ '1.0.1' ],
384 silly audit   'side-channel-weakmap': [ '1.0.2' ],
384 silly audit   'call-bound': [ '1.0.4' ],
384 silly audit   'get-intrinsic': [ '1.3.0' ],
384 silly audit   'call-bind-apply-helpers': [ '1.0.2' ],
384 silly audit   'function-bind': [ '1.1.2' ],
384 silly audit   'es-define-property': [ '1.0.1' ],
384 silly audit   'es-object-atoms': [ '1.1.1' ],
384 silly audit   'get-proto': [ '1.0.1' ],
384 silly audit   gopd: [ '1.2.0' ],
384 silly audit   'has-symbols': [ '1.1.0' ],
384 silly audit   hasown: [ '2.0.2' ],
384 silly audit   'math-intrinsics': [ '1.1.0' ],
384 silly audit   'dunder-proto': [ '1.0.1' ],
384 silly audit   'media-typer': [ '1.1.0' ]
384 silly audit }
385 http cache math-intrinsics@https://registry.npmjs.org/math-intrinsics/-/math-intrinsics-1.1.0.tgz 0ms (cache hit)
386 http cache dunder-proto@https://registry.npmjs.org/dunder-proto/-/dunder-proto-1.0.1.tgz 1ms (cache hit)
387 http cache media-typer@https://registry.npmjs.org/media-typer/-/media-typer-1.1.0.tgz 0ms (cache hit)
388 http cache hasown@https://registry.npmjs.org/hasown/-/hasown-2.0.2.tgz 0ms (cache hit)
389 http cache has-symbols@https://registry.npmjs.org/has-symbols/-/has-symbols-1.1.0.tgz 0ms (cache hit)
390 http cache gopd@https://registry.npmjs.org/gopd/-/gopd-1.2.0.tgz 0ms (cache hit)
391 http cache es-object-atoms@https://registry.npmjs.org/es-object-atoms/-/es-object-atoms-1.1.1.tgz 0ms (cache hit)
392 http cache get-proto@https://registry.npmjs.org/get-proto/-/get-proto-1.0.1.tgz 0ms (cache hit)
393 http cache es-define-property@https://registry.npmjs.org/es-define-property/-/es-define-property-1.0.1.tgz 0ms (cache hit)
394 http cache function-bind@https://registry.npmjs.org/function-bind/-/function-bind-1.1.2.tgz 1ms (cache hit)
395 http cache call-bind-apply-helpers@https://registry.npmjs.org/call-bind-apply-helpers/-/call-bind-apply-helpers-1.0.2.tgz 0ms (cache hit)
396 http cache get-intrinsic@https://registry.npmjs.org/get-intrinsic/-/get-intrinsic-1.3.0.tgz 0ms (cache hit)
397 http cache call-bound@https://registry.npmjs.org/call-bound/-/call-bound-1.0.4.tgz 0ms (cache hit)
398 http cache side-channel-weakmap@https://registry.npmjs.org/side-channel-weakmap/-/side-channel-weakmap-1.0.2.tgz 0ms (cache hit)
399 http cache side-channel-map@https://registry.npmjs.org/side-channel-map/-/side-channel-map-1.0.1.tgz 0ms (cache hit)
400 http cache side-channel-list@https://registry.npmjs.org/side-channel-list/-/side-channel-list-1.0.0.tgz 0ms (cache hit)
401 http cache object-inspect@https://registry.npmjs.org/object-inspect/-/object-inspect-1.13.4.tgz 0ms (cache hit)
402 http cache es-errors@https://registry.npmjs.org/es-errors/-/es-errors-1.3.0.tgz 0ms (cache hit)
403 http cache path-to-regexp@https://registry.npmjs.org/path-to-regexp/-/path-to-regexp-8.2.0.tgz 0ms (cache hit)
404 http cache is-promise@https://registry.npmjs.org/is-promise/-/is-promise-4.0.0.tgz 0ms (cache hit)
405 http cache unpipe@https://registry.npmjs.org/unpipe/-/unpipe-1.0.0.tgz 0ms (cache hit)
406 http cache side-channel@https://registry.npmjs.org/side-channel/-/side-channel-1.1.0.tgz 0ms (cache hit)
407 http cache ipaddr.js@https://registry.npmjs.org/ipaddr.js/-/ipaddr.js-1.9.1.tgz 0ms (cache hit)
408 http cache forwarded@https://registry.npmjs.org/forwarded/-/forwarded-0.2.0.tgz 0ms (cache hit)
409 http cache wrappy@https://registry.npmjs.org/wrappy/-/wrappy-1.0.2.tgz 0ms (cache hit)
410 http cache ee-first@https://registry.npmjs.org/ee-first/-/ee-first-1.1.1.tgz 0ms (cache hit)
411 http cache mime-db@https://registry.npmjs.org/mime-db/-/mime-db-1.54.0.tgz 0ms (cache hit)
412 http cache safer-buffer@https://registry.npmjs.org/safer-buffer/-/safer-buffer-2.1.2.tgz 0ms (cache hit)
413 http cache toidentifier@https://registry.npmjs.org/toidentifier/-/toidentifier-1.0.1.tgz 0ms (cache hit)
414 http cache setprototypeof@https://registry.npmjs.org/setprototypeof/-/setprototypeof-1.2.0.tgz 0ms (cache hit)
415 http cache inherits@https://registry.npmjs.org/inherits/-/inherits-2.0.4.tgz 0ms (cache hit)
416 http cache depd@https://registry.npmjs.org/depd/-/depd-2.0.0.tgz 0ms (cache hit)
417 http cache ms@https://registry.npmjs.org/ms/-/ms-2.1.3.tgz 0ms (cache hit)
418 http cache safe-buffer@https://registry.npmjs.org/safe-buffer/-/safe-buffer-5.2.1.tgz 0ms (cache hit)
419 http cache raw-body@https://registry.npmjs.org/raw-body/-/raw-body-3.0.0.tgz 0ms (cache hit)
420 http cache iconv-lite@https://registry.npmjs.org/iconv-lite/-/iconv-lite-0.6.3.tgz 0ms (cache hit)
421 http cache bytes@https://registry.npmjs.org/bytes/-/bytes-3.1.2.tgz 0ms (cache hit)
422 http cache negotiator@https://registry.npmjs.org/negotiator/-/negotiator-1.0.0.tgz 0ms (cache hit)
423 http cache type-is@https://registry.npmjs.org/type-is/-/type-is-2.0.1.tgz 0ms (cache hit)
424 http cache statuses@https://registry.npmjs.org/statuses/-/statuses-2.0.2.tgz 0ms (cache hit)
425 http cache serve-static@https://registry.npmjs.org/serve-static/-/serve-static-2.2.0.tgz 0ms (cache hit)
426 http cache send@https://registry.npmjs.org/send/-/send-1.2.0.tgz 0ms (cache hit)
427 http cache router@https://registry.npmjs.org/router/-/router-2.2.0.tgz 0ms (cache hit)
428 http cache range-parser@https://registry.npmjs.org/range-parser/-/range-parser-1.2.1.tgz 0ms (cache hit)
429 http cache proxy-addr@https://registry.npmjs.org/proxy-addr/-/proxy-addr-2.0.7.tgz 0ms (cache hit)
430 http cache parseurl@https://registry.npmjs.org/parseurl/-/parseurl-1.3.3.tgz 0ms (cache hit)
431 http cache once@https://registry.npmjs.org/once/-/once-1.4.0.tgz 0ms (cache hit)
432 http cache on-finished@https://registry.npmjs.org/on-finished/-/on-finished-2.4.1.tgz 0ms (cache hit)
433 http cache mime-types@https://registry.npmjs.org/mime-types/-/mime-types-3.0.1.tgz 0ms (cache hit)
434 http cache merge-descriptors@https://registry.npmjs.org/merge-descriptors/-/merge-descriptors-2.0.0.tgz 0ms (cache hit)
435 http cache http-errors@https://registry.npmjs.org/http-errors/-/http-errors-2.0.0.tgz 0ms (cache hit)
436 http cache qs@https://registry.npmjs.org/qs/-/qs-6.14.0.tgz 0ms (cache hit)
437 http cache fresh@https://registry.npmjs.org/fresh/-/fresh-2.0.0.tgz 0ms (cache hit)
438 http cache finalhandler@https://registry.npmjs.org/finalhandler/-/finalhandler-2.1.0.tgz 0ms (cache hit)
439 http cache etag@https://registry.npmjs.org/etag/-/etag-1.8.1.tgz 0ms (cache hit)
440 http cache escape-html@https://registry.npmjs.org/escape-html/-/escape-html-1.0.3.tgz 0ms (cache hit)
441 http cache encodeurl@https://registry.npmjs.org/encodeurl/-/encodeurl-2.0.0.tgz 0ms (cache hit)
442 http cache debug@https://registry.npmjs.org/debug/-/debug-4.4.1.tgz 0ms (cache hit)
443 http cache cookie-signature@https://registry.npmjs.org/cookie-signature/-/cookie-signature-1.2.2.tgz 0ms (cache hit)
444 http cache cookie@https://registry.npmjs.org/cookie/-/cookie-0.7.2.tgz 0ms (cache hit)
445 http cache content-type@https://registry.npmjs.org/content-type/-/content-type-1.0.5.tgz 0ms (cache hit)
446 http cache content-disposition@https://registry.npmjs.org/content-disposition/-/content-disposition-1.0.0.tgz 0ms (cache hit)
447 http cache body-parser@https://registry.npmjs.org/body-parser/-/body-parser-2.2.0.tgz 0ms (cache hit)
448 http cache accepts@https://registry.npmjs.org/accepts/-/accepts-2.0.0.tgz 0ms (cache hit)
449 http cache vary@https://registry.npmjs.org/vary/-/vary-1.1.2.tgz 0ms (cache hit)
450 http cache object-assign@https://registry.npmjs.org/object-assign/-/object-assign-4.1.1.tgz 0ms (cache hit)
451 http cache express@https://registry.npmjs.org/express/-/express-5.1.0.tgz 0ms (cache hit)
452 http cache cors@https://registry.npmjs.org/cors/-/cors-2.8.5.tgz 0ms (cache hit)
453 http cache statuses@https://registry.npmjs.org/statuses/-/statuses-2.0.1.tgz 0ms (cache hit)
454 silly tarball no local data for object-assign@https://registry.npmjs.org/object-assign/-/object-assign-4.1.1.tgz. Extracting by manifest.
455 silly tarball no local data for cors@https://registry.npmjs.org/cors/-/cors-2.8.5.tgz. Extracting by manifest.
456 http fetch POST 200 https://registry.npmjs.org/-/npm/v1/security/advisories/bulk 398ms
457 silly audit report {}
458 http fetch GET 200 https://registry.npmjs.org/object-assign/-/object-assign-4.1.1.tgz 368ms (cache miss)
459 http fetch GET 200 https://registry.npmjs.org/cors/-/cors-2.8.5.tgz 372ms (cache miss)
460 silly ADD node_modules/media-typer
461 silly ADD node_modules/dunder-proto
462 silly ADD node_modules/math-intrinsics
463 silly ADD node_modules/hasown
464 silly ADD node_modules/has-symbols
465 silly ADD node_modules/gopd
466 silly ADD node_modules/get-proto
467 silly ADD node_modules/es-object-atoms
468 silly ADD node_modules/es-define-property
469 silly ADD node_modules/function-bind
470 silly ADD node_modules/call-bind-apply-helpers
471 silly ADD node_modules/get-intrinsic
472 silly ADD node_modules/call-bound
473 silly ADD node_modules/side-channel-weakmap
474 silly ADD node_modules/side-channel-map
475 silly ADD node_modules/side-channel-list
476 silly ADD node_modules/object-inspect
477 silly ADD node_modules/es-errors
478 silly ADD node_modules/path-to-regexp
479 silly ADD node_modules/is-promise
480 silly ADD node_modules/unpipe
481 silly ADD node_modules/side-channel
482 silly ADD node_modules/ipaddr.js
483 silly ADD node_modules/forwarded
484 silly ADD node_modules/wrappy
485 silly ADD node_modules/ee-first
486 silly ADD node_modules/mime-db
487 silly ADD node_modules/safer-buffer
488 silly ADD node_modules/toidentifier
489 silly ADD node_modules/setprototypeof
490 silly ADD node_modules/inherits
491 silly ADD node_modules/depd
492 silly ADD node_modules/ms
493 silly ADD node_modules/safe-buffer
494 silly ADD node_modules/raw-body
495 silly ADD node_modules/iconv-lite
496 silly ADD node_modules/bytes
497 silly ADD node_modules/negotiator
498 silly ADD node_modules/type-is
499 silly ADD node_modules/statuses
500 silly ADD node_modules/serve-static
501 silly ADD node_modules/send
502 silly ADD node_modules/router
503 silly ADD node_modules/range-parser
504 silly ADD node_modules/qs
505 silly ADD node_modules/proxy-addr
506 silly ADD node_modules/parseurl
507 silly ADD node_modules/once
508 silly ADD node_modules/on-finished
509 silly ADD node_modules/mime-types
510 silly ADD node_modules/merge-descriptors
511 silly ADD node_modules/http-errors
512 silly ADD node_modules/http-errors/node_modules/statuses
513 silly ADD node_modules/fresh
514 silly ADD node_modules/finalhandler
515 silly ADD node_modules/etag
516 silly ADD node_modules/escape-html
517 silly ADD node_modules/encodeurl
518 silly ADD node_modules/debug
519 silly ADD node_modules/cookie-signature
520 silly ADD node_modules/cookie
521 silly ADD node_modules/content-type
522 silly ADD node_modules/content-disposition
523 silly ADD node_modules/body-parser
524 silly ADD node_modules/accepts
525 silly ADD node_modules/vary
526 silly ADD node_modules/object-assign
527 silly ADD node_modules/express
528 silly ADD node_modules/cors
529 verbose cwd /data/data/com.termux/files/home
530 verbose os Linux 4.19.157-perf+
531 verbose node v24.4.0
532 verbose npm  v11.4.2
533 verbose exit 0
534 info ok
